-------------------------------------------------------------------------------
Test set: ch.bbw.CalculatorTest
-------------------------------------------------------------------------------
Tests run: 2, Failures: 1, Errors: 0, Skipped: 0, Time elapsed: 0 s <<< FAILURE! - in ch.bbw.CalculatorTest
testSubtractionZweiPositiveIsOk(ch.bbw.CalculatorTest)  Time elapsed: 0 s  <<< FAILURE!
java.lang.AssertionError
	at ch.bbw.CalculatorTest.testSubtractionZweiPositiveIsOk(CalculatorTest.java:18)

